<?xml version="1.0" encoding="UTF-8"?>
<!-- Generated by org.testng.reporters.JUnitReportReporter -->
<testsuite hostname="LAPTOP-CNDO9REH" failures="0" tests="1" name="testDataSample.Tricentis_clickon_dropdown_TestScript" time="2.663" errors="0" timestamp="2022-12-06T10:27:29 IST" skipped="0">
  <testcase classname="testDataSample.Tricentis_clickon_dropdown_TestScript" name="dropdown" time="2.663"/>
  <system-out/>
</testsuite> <!-- testDataSample.Tricentis_clickon_dropdown_TestScript -->
