<?xml version="1.0" encoding="UTF-8"?>
<!-- Generated by org.testng.reporters.JUnitReportReporter -->
<testsuite hostname="LAPTOP-CNDO9REH" failures="0" tests="1" name="testDataSample.Tricentis_Request_Demo_TestScript" time="5.495" errors="0" timestamp="2022-12-06T10:27:29 IST" skipped="0">
  <testcase classname="testDataSample.Tricentis_Request_Demo_TestScript" name="request_demo" time="5.495"/>
  <system-out/>
</testsuite> <!-- testDataSample.Tricentis_Request_Demo_TestScript -->
