<?xml version="1.0" encoding="UTF-8"?>
<!-- Generated by org.testng.reporters.JUnitReportReporter -->
<testsuite hostname="TYSS-Sumanth" failures="0" tests="5" name="sample.TC_Register_001" time="45.969" errors="0" timestamp="2022-11-17T11:03:06 IST" skipped="0">
  <testcase classname="sample.TC_Register_001" name="registerUser" time="7.384"/>
  <system-out/>
  <testcase classname="sample.TC_Register_001" name="registerUser" time="8.400"/>
  <system-out/>
  <testcase classname="sample.TC_Register_001" name="registerUser" time="9.728"/>
  <system-out/>
  <testcase classname="sample.TC_Register_001" name="registerUser" time="12.920"/>
  <system-out/>
  <testcase classname="sample.TC_Register_001" name="registerUser" time="7.537"/>
  <system-out/>
</testsuite> <!-- sample.TC_Register_001 -->
