<?xml version="1.0" encoding="UTF-8"?>
<!-- Generated by org.testng.reporters.JUnitReportReporter -->
<testsuite hostname="LAPTOP-CNDO9REH" failures="0" tests="1" name="testCaseSample.launch_browser" time="5.506" errors="0" timestamp="2022-11-29T15:32:36 IST" skipped="0">
  <testcase classname="testCaseSample.launch_browser" name="launch" time="5.506"/>
  <system-out/>
</testsuite> <!-- testCaseSample.launch_browser -->
