<?xml version="1.0" encoding="UTF-8"?>
<!-- Generated by org.testng.reporters.JUnitReportReporter -->
<testsuite hostname="LAPTOP-CNDO9REH" failures="0" tests="1" name="testDataSample.SampleDataProvider" time="9.708" errors="0" timestamp="2022-12-01T15:49:34 IST" skipped="0">
  <testcase classname="testDataSample.SampleDataProvider" name="registerUser" time="9.708"/>
  <system-out/>
</testsuite> <!-- testDataSample.SampleDataProvider -->
