<?xml version="1.0" encoding="UTF-8"?>
<!-- Generated by org.testng.reporters.JUnitReportReporter -->
<testsuite hostname="LAPTOP-CNDO9REH" failures="0" tests="1" name="testDataSample.Tricentics_Motorcycle_TestScript" time="14.981" errors="0" timestamp="2022-12-06T10:27:29 IST" skipped="0">
  <testcase classname="testDataSample.Tricentics_Motorcycle_TestScript" name="registerUser" time="14.981"/>
  <system-out/>
</testsuite> <!-- testDataSample.Tricentics_Motorcycle_TestScript -->
