<?xml version="1.0" encoding="UTF-8"?>
<!-- Generated by org.testng.reporters.JUnitReportReporter -->
<testsuite hostname="TYSS-Sumanth" failures="0" tests="1" name="sample.TC_SampleTestCase_Test" time="10.947" errors="0" timestamp="2022-11-29T10:28:58 IST" skipped="0">
  <testcase classname="sample.TC_SampleTestCase_Test" name="sample" time="10.947"/>
  <system-out/>
</testsuite> <!-- sample.TC_SampleTestCase_Test -->
