<?xml version="1.0" encoding="UTF-8"?>
<!-- Generated by org.testng.reporters.JUnitReportReporter -->
<testsuite hostname="LAPTOP-CNDO9REH" failures="0" tests="1" name="testDataSample.Tricentics_Truck_TestScript" time="5.112" errors="0" timestamp="2022-12-06T10:27:29 IST" skipped="0">
  <testcase classname="testDataSample.Tricentics_Truck_TestScript" name="truckInsurance" time="5.112"/>
  <system-out/>
</testsuite> <!-- testDataSample.Tricentics_Truck_TestScript -->
