<?xml version="1.0" encoding="UTF-8"?>
<!-- Generated by org.testng.reporters.JUnitReportReporter -->
<testsuite hostname="LAPTOP-CNDO9REH" failures="0" tests="1" name="testDataSample.Tricentis_Radiobutton_TestScript" time="2.495" errors="0" timestamp="2022-12-06T10:27:29 IST" skipped="0">
  <testcase classname="testDataSample.Tricentis_Radiobutton_TestScript" name="dropdown_click" time="2.495"/>
  <system-out/>
</testsuite> <!-- testDataSample.Tricentis_Radiobutton_TestScript -->
