<?xml version="1.0" encoding="UTF-8"?>
<!-- Generated by org.testng.reporters.JUnitReportReporter -->
<testsuite hostname="LAPTOP-CNDO9REH" failures="0" tests="1" name="testCaseSample.Tricentis_EnginePerformance_Textfield_Testscript" time="5.874" errors="0" timestamp="2022-12-04T23:44:38 IST" skipped="0">
  <testcase classname="testCaseSample.Tricentis_EnginePerformance_Textfield_Testscript" name="Engine_performance_textfield" time="5.874"/>
  <system-out/>
</testsuite> <!-- testCaseSample.Tricentis_EnginePerformance_Textfield_Testscript -->
