<?xml version="1.0" encoding="UTF-8"?>
<!-- Generated by org.testng.reporters.JUnitReportReporter -->
<testsuite hostname="LAPTOP-CNDO9REH" failures="0" tests="1" name="testDataSample.Tricentis_EnterVehicleData_Dropdowns_testScript" time="6.425" errors="0" timestamp="2022-12-04T23:58:38 IST" skipped="0">
  <testcase classname="testDataSample.Tricentis_EnterVehicleData_Dropdowns_testScript" name="EnterVehicleData_Dropdowns" time="6.425"/>
  <system-out/>
</testsuite> <!-- testDataSample.Tricentis_EnterVehicleData_Dropdowns_testScript -->
